[2019-12-14 08:12:23] Текст ошибки: Страница не найдена | Файл: W:\domains\ishop\vendor\ishop\core\Router.php | 
        Строка: 44 
=============
[2019-12-14 08:12:15] Текст ошибки: Страница не найдена | Файл: W:\domains\ishop\vendor\ishop\core\Router.php | 
        Строка: 44 
=============
[2019-12-14 08:12:15] Текст ошибки: Страница не найдена | Файл: W:\domains\ishop\vendor\ishop\core\Router.php | 
        Строка: 44 
=============
[2019-12-14 08:12:15] Текст ошибки: Страница не найдена | Файл: W:\domains\ishop\vendor\ishop\core\Router.php | 
        Строка: 44 
=============
[2019-12-14 08:12:15] Текст ошибки: Страница не найдена | Файл: W:\domains\ishop\vendor\ishop\core\Router.php | 
        Строка: 44 
=============
[2019-12-14 08:12:15] Текст ошибки: Страница не найдена | Файл: W:\domains\ishop\vendor\ishop\core\Router.php | 
        Строка: 44 
=============
[2019-12-14 08:12:15] Текст ошибки: Страница не найдена | Файл: W:\domains\ishop\vendor\ishop\core\Router.php | 
        Строка: 44 
=============
[2019-12-14 08:12:15] Текст ошибки: Страница не найдена | Файл: W:\domains\ishop\vendor\ishop\core\Router.php | 
        Строка: 44 
=============
[2019-12-14 08:12:15] Текст ошибки: Страница не найдена | Файл: W:\domains\ishop\vendor\ishop\core\Router.php | 
        Строка: 44 
=============
[2019-12-14 08:12:15] Текст ошибки: Страница не найдена | Файл: W:\domains\ishop\vendor\ishop\core\Router.php | 
        Строка: 44 
=============
[2019-12-14 08:12:15] Текст ошибки: Страница не найдена | Файл: W:\domains\ishop\vendor\ishop\core\Router.php | 
        Строка: 44 
=============
[2019-12-14 08:12:15] Текст ошибки: Страница не найдена | Файл: W:\domains\ishop\vendor\ishop\core\Router.php | 
        Строка: 44 
=============
[2019-12-14 08:12:15] Текст ошибки: Страница не найдена | Файл: W:\domains\ishop\vendor\ishop\core\Router.php | 
        Строка: 44 
=============
[2019-12-14 08:12:15] Текст ошибки: Страница не найдена | Файл: W:\domains\ishop\vendor\ishop\core\Router.php | 
        Строка: 44 
=============
[2019-12-14 08:12:15] Текст ошибки: Страница не найдена | Файл: W:\domains\ishop\vendor\ishop\core\Router.php | 
        Строка: 44 
=============
[2019-12-14 08:12:15] Текст ошибки: Страница не найдена | Файл: W:\domains\ishop\vendor\ishop\core\Router.php | 
        Строка: 44 
=============
[2019-12-14 08:12:15] Текст ошибки: Страница не найдена | Файл: W:\domains\ishop\vendor\ishop\core\Router.php | 
        Строка: 44 
=============
[2019-12-14 08:12:15] Текст ошибки: Страница не найдена | Файл: W:\domains\ishop\vendor\ishop\core\Router.php | 
        Строка: 44 
=============
[2019-12-14 08:12:15] Текст ошибки: Страница не найдена | Файл: W:\domains\ishop\vendor\ishop\core\Router.php | 
        Строка: 44 
=============
[2019-12-14 08:12:15] Текст ошибки: Страница не найдена | Файл: W:\domains\ishop\vendor\ishop\core\Router.php | 
        Строка: 44 
=============
[2019-12-14 08:12:15] Текст ошибки: Страница не найдена | Файл: W:\domains\ishop\vendor\ishop\core\Router.php | 
        Строка: 44 
=============
[2019-12-14 08:12:15] Текст ошибки: Страница не найдена | Файл: W:\domains\ishop\vendor\ishop\core\Router.php | 
        Строка: 44 
=============
[2019-12-14 08:12:15] Текст ошибки: Страница не найдена | Файл: W:\domains\ishop\vendor\ishop\core\Router.php | 
        Строка: 44 
=============
[2019-12-14 08:12:15] Текст ошибки: Страница не найдена | Файл: W:\domains\ishop\vendor\ishop\core\Router.php | 
        Строка: 44 
=============
[2019-12-14 08:12:15] Текст ошибки: Страница не найдена | Файл: W:\domains\ishop\vendor\ishop\core\Router.php | 
        Строка: 44 
=============
[2019-12-14 08:12:15] Текст ошибки: Страница не найдена | Файл: W:\domains\ishop\vendor\ishop\core\Router.php | 
        Строка: 44 
=============
[2019-12-14 08:12:15] Текст ошибки: Страница не найдена | Файл: W:\domains\ishop\vendor\ishop\core\Router.php | 
        Строка: 44 
=============
[2019-12-14 08:12:15] Текст ошибки: Страница не найдена | Файл: W:\domains\ishop\vendor\ishop\core\Router.php | 
        Строка: 44 
=============
[2019-12-14 08:12:15] Текст ошибки: Страница не найдена | Файл: W:\domains\ishop\vendor\ishop\core\Router.php | 
        Строка: 44 
=============
[2019-12-14 08:12:15] Текст ошибки: Страница не найдена | Файл: W:\domains\ishop\vendor\ishop\core\Router.php | 
        Строка: 44 
=============
[2019-12-14 08:12:04] Текст ошибки: Страница не найдена | Файл: W:\domains\ishop\vendor\ishop\core\Router.php | 
        Строка: 44 
=============
[2019-12-14 08:12:47] Текст ошибки: Страница не найдена | Файл: W:\domains\ishop\vendor\ishop\core\Router.php | 
        Строка: 44 
=============
[2019-12-14 08:12:56] Текст ошибки: Страница не найдена | Файл: W:\domains\ishop\vendor\ishop\core\Router.php | 
        Строка: 44 
=============
[2019-12-14 12:12:13] Текст ошибки: SQLSTATE[42S02]: Base table or view not found: 1146 Table 'ishop.products' doesn't exist | Файл: W:\domains\ishop\vendor\gabordemooij\redbean\RedBeanPHP\Driver\RPDO.php | 
        Строка: 194 
=============
[2019-12-14 12:12:03] Текст ошибки: Страница не найдена | Файл: W:\domains\ishop\vendor\ishop\core\Router.php | 
        Строка: 44 
=============
[2019-12-14 13:12:08] Текст ошибки: Страница не найдена | Файл: W:\domains\ishop\vendor\ishop\core\Router.php | 
        Строка: 44 
=============
[2019-12-14 13:12:37] Текст ошибки: Страница не найдена | Файл: W:\domains\ishop\vendor\ishop\core\Router.php | 
        Строка: 44 
=============
[2019-12-14 13:12:56] Текст ошибки: Страница не найдена | Файл: W:\domains\ishop\vendor\ishop\core\Router.php | 
        Строка: 44 
=============
[2019-12-14 13:12:51] Текст ошибки: Страница не найдена | Файл: W:\domains\ishop\vendor\ishop\core\Router.php | 
        Строка: 44 
=============
[2019-12-14 13:12:42] Текст ошибки: Страница не найдена | Файл: W:\domains\ishop\vendor\ishop\core\Router.php | 
        Строка: 44 
=============
[2019-12-14 17:12:30] Текст ошибки: Страница не найдена | Файл: W:\domains\ishop\vendor\ishop\core\Router.php | 
        Строка: 44 
=============
[2019-12-14 18:12:47] Текст ошибки: Контроллер не найден | Файл: W:\domains\ishop\vendor\ishop\core\Router.php | 
        Строка: 40 
=============
[2019-12-14 18:12:44] Текст ошибки: Контроллер не найден | Файл: W:\domains\ishop\vendor\ishop\core\Router.php | 
        Строка: 40 
=============
[2019-12-14 18:12:10] Текст ошибки: Контроллер не найден | Файл: W:\domains\ishop\vendor\ishop\core\Router.php | 
        Строка: 40 
=============
[2019-12-14 18:12:12] Текст ошибки: Контроллер не найден | Файл: W:\domains\ishop\vendor\ishop\core\Router.php | 
        Строка: 40 
=============
[2019-12-14 18:12:46] Текст ошибки: Контроллер не найден | Файл: W:\domains\ishop\vendor\ishop\core\Router.php | 
        Строка: 40 
=============
[2019-12-15 11:12:12] Текст ошибки: Страница не найдена | Файл: W:\domains\ishop\vendor\ishop\core\Router.php | 
        Строка: 44 
=============
[2019-12-16 18:12:29] Текст ошибки: Страница не найдена | Файл: W:\domains\ishop\vendor\ishop\core\Router.php | 
        Строка: 44 
=============
[2019-12-16 18:12:35] Текст ошибки: Call to undefined function app\widgets\currency\Currency() | Файл: W:\domains\ishop\app\views\layouts\watches.php | 
        Строка: 31 
=============
[2019-12-16 18:12:44] Текст ошибки: Call to undefined function app\widgets\currency\Currency() | Файл: W:\domains\ishop\app\views\layouts\watches.php | 
        Строка: 31 
=============
[2019-12-16 19:12:26] Текст ошибки: Call to undefined function app\widgets\currency\Currency() | Файл: W:\domains\ishop\app\views\layouts\watches.php | 
        Строка: 31 
=============
[2019-12-16 19:12:27] Текст ошибки: Call to undefined function app\widgets\currency\Currency() | Файл: W:\domains\ishop\app\views\layouts\watches.php | 
        Строка: 31 
=============
[2019-12-16 19:12:27] Текст ошибки: Call to undefined function app\widgets\currency\Currency() | Файл: W:\domains\ishop\app\views\layouts\watches.php | 
        Строка: 31 
=============
[2019-12-16 19:12:59] Текст ошибки: Call to undefined function app\widgets\currency\Currency() | Файл: W:\domains\ishop\app\views\layouts\watches.php | 
        Строка: 31 
=============
[2019-12-16 19:12:16] Текст ошибки: Call to undefined function app\widgets\currency\Currency() | Файл: W:\domains\ishop\app\views\layouts\watches.php | 
        Строка: 31 
=============
[2019-12-16 19:12:16] Текст ошибки: Страница не найдена | Файл: W:\domains\ishop\vendor\ishop\core\Router.php | 
        Строка: 44 
=============
[2019-12-16 19:12:07] Текст ошибки: Call to undefined function app\widgets\currency\Currency() | Файл: W:\domains\ishop\app\views\layouts\watches.php | 
        Строка: 31 
=============
[2019-12-16 19:12:12] Текст ошибки: Call to undefined function app\widgets\currency\Currency() | Файл: W:\domains\ishop\app\views\layouts\watches.php | 
        Строка: 31 
=============
[2019-12-17 06:12:37] Текст ошибки: Страница не найдена | Файл: W:\domains\ishop\vendor\ishop\core\Router.php | 
        Строка: 44 
=============
[2019-12-17 06:12:36] Текст ошибки: Страница не найдена | Файл: W:\domains\ishop\vendor\ishop\core\Router.php | 
        Строка: 44 
=============
[2019-12-17 17:12:18] Текст ошибки: Страница не найдена | Файл: W:\domains\ishop\vendor\ishop\core\Router.php | 
        Строка: 44 
=============
[2019-12-17 19:12:26] Текст ошибки: Call to a member function findOne() on null | Файл: W:\domains\ishop\vendor\gabordemooij\redbean\RedBeanPHP\Facade.php | 
        Строка: 989 
=============
[2019-12-17 19:12:26] Текст ошибки: Call to a member function findOne() on null | Файл: W:\domains\ishop\vendor\gabordemooij\redbean\RedBeanPHP\Facade.php | 
        Строка: 989 
=============
[2019-12-17 20:12:46] Текст ошибки: Call to a member function findOne() on null | Файл: W:\domains\ishop\vendor\gabordemooij\redbean\RedBeanPHP\Facade.php | 
        Строка: 989 
=============
[2019-12-17 20:12:02] Текст ошибки: Expected array, string given. | Файл: W:\domains\ishop\vendor\gabordemooij\redbean\RedBeanPHP\Finder.php | 
        Строка: 146 
=============
[2019-12-17 20:12:21] Текст ошибки: Expected array, string given. | Файл: W:\domains\ishop\vendor\gabordemooij\redbean\RedBeanPHP\Finder.php | 
        Строка: 146 
=============
[2019-12-17 20:12:28] Текст ошибки: Expected array, string given. | Файл: W:\domains\ishop\vendor\gabordemooij\redbean\RedBeanPHP\Finder.php | 
        Строка: 146 
=============
[2019-12-17 20:12:40] Текст ошибки: Expected array, integer given. | Файл: W:\domains\ishop\vendor\gabordemooij\redbean\RedBeanPHP\Finder.php | 
        Строка: 146 
=============
[2019-12-17 21:12:30] Текст ошибки: Не найден вид W:\domains\ishop/app/views/Currency/change.php | Файл: W:\domains\ishop\vendor\ishop\core\base\View.php | 
        Строка: 46 
=============
[2019-12-17 21:12:16] Текст ошибки: Не найден вид W:\domains\ishop/app/views/Currency/change.php | Файл: W:\domains\ishop\vendor\ishop\core\base\View.php | 
        Строка: 46 
=============
[2019-12-17 21:12:24] Текст ошибки: Не найден вид W:\domains\ishop/app/views/Currency/change.php | Файл: W:\domains\ishop\vendor\ishop\core\base\View.php | 
        Строка: 46 
=============
[2019-12-17 21:12:02] Текст ошибки: Не найден вид W:\domains\ishop/app/views/Currency/change.php | Файл: W:\domains\ishop\vendor\ishop\core\base\View.php | 
        Строка: 46 
=============
[2019-12-17 21:12:29] Текст ошибки: Не найден вид W:\domains\ishop/app/views/Currency/change.php | Файл: W:\domains\ishop\vendor\ishop\core\base\View.php | 
        Строка: 46 
=============
[2019-12-17 21:12:37] Текст ошибки: Не найден вид W:\domains\ishop/app/views/Currency/change.php | Файл: W:\domains\ishop\vendor\ishop\core\base\View.php | 
        Строка: 46 
=============
[2019-12-17 21:12:09] Текст ошибки: Не найден вид W:\domains\ishop/app/views/Currency/change.php | Файл: W:\domains\ishop\vendor\ishop\core\base\View.php | 
        Строка: 46 
=============
[2019-12-17 21:12:20] Текст ошибки: Не найден вид W:\domains\ishop/app/views/Currency/change.php | Файл: W:\domains\ishop\vendor\ishop\core\base\View.php | 
        Строка: 46 
=============
[2019-12-17 21:12:22] Текст ошибки: Не найден вид W:\domains\ishop/app/views/Currency/change.php | Файл: W:\domains\ishop\vendor\ishop\core\base\View.php | 
        Строка: 46 
=============
[2019-12-17 21:12:25] Текст ошибки: Не найден вид W:\domains\ishop/app/views/Currency/change.php | Файл: W:\domains\ishop\vendor\ishop\core\base\View.php | 
        Строка: 46 
=============
[2019-12-17 21:12:37] Текст ошибки: Не найден вид W:\domains\ishop/app/views/Currency/change.php | Файл: W:\domains\ishop\vendor\ishop\core\base\View.php | 
        Строка: 46 
=============
[2019-12-17 21:12:40] Текст ошибки: Не найден вид W:\domains\ishop/app/views/Currency/change.php | Файл: W:\domains\ishop\vendor\ishop\core\base\View.php | 
        Строка: 46 
=============
[2019-12-17 21:12:41] Текст ошибки: Не найден вид W:\domains\ishop/app/views/Currency/change.php | Файл: W:\domains\ishop\vendor\ishop\core\base\View.php | 
        Строка: 46 
=============
[2019-12-17 21:12:36] Текст ошибки: Контроллер не найден | Файл: W:\domains\ishop\vendor\ishop\core\Router.php | 
        Строка: 40 
=============
[2019-12-17 21:12:36] Текст ошибки: Страница не найдена | Файл: W:\domains\ishop\vendor\ishop\core\Router.php | 
        Строка: 44 
=============
[2019-12-17 21:12:13] Текст ошибки: Не найден вид W:\domains\ishop/app/views/Currency/change.php | Файл: W:\domains\ishop\vendor\ishop\core\base\View.php | 
        Строка: 46 
=============
[2019-12-17 21:12:37] Текст ошибки: Страница не найдена | Файл: W:\domains\ishop\vendor\ishop\core\Router.php | 
        Строка: 44 
=============
[2019-12-18 09:12:06] Текст ошибки: Страница не найдена | Файл: W:\domains\ishop\vendor\ishop\core\Router.php | 
        Строка: 44 
=============
[2019-12-18 13:12:10] Текст ошибки: Страница не найдена | Файл: W:\domains\ishop\vendor\ishop\core\Router.php | 
        Строка: 44 
=============
[2019-12-18 13:12:43] Текст ошибки: Страница не найдена | Файл: W:\domains\ishop\vendor\ishop\core\Router.php | 
        Строка: 44 
=============
[2019-12-18 13:12:56] Текст ошибки: Страница не найдена | Файл: W:\domains\ishop\vendor\ishop\core\Router.php | 
        Строка: 44 
=============
[2019-12-18 13:12:36] Текст ошибки: SQLSTATE[42000]: Syntax error or access violation: 1064 You have an error in your SQL syntax; check the manual that corresponds to your MariaDB server version for the right syntax to use near 'SECLET * FROM category' at line 1 | Файл: W:\domains\ishop\vendor\gabordemooij\redbean\RedBeanPHP\Driver\RPDO.php | 
        Строка: 194 
=============
[2019-12-23 15:12:03] Текст ошибки: Страница не найдена | Файл: W:\domains\ishop\vendor\ishop\core\Router.php | 
        Строка: 44 
=============
[2019-12-23 18:12:36] Текст ошибки: Страница не найдена | Файл: W:\domains\ishop\vendor\ishop\core\Router.php | 
        Строка: 44 
=============
[2019-12-23 18:12:23] Текст ошибки: Контроллер не найден | Файл: W:\domains\ishop\vendor\ishop\core\Router.php | 
        Строка: 40 
=============
[2019-12-23 18:12:03] Текст ошибки: Страница не найдена | Файл: W:\domains\ishop\vendor\ishop\core\Router.php | 
        Строка: 44 
=============
[2019-12-23 19:12:51] Текст ошибки: Страница не найдена | Файл: W:\domains\ishop\vendor\ishop\core\Router.php | 
        Строка: 44 
=============
[2019-12-23 19:12:43] Текст ошибки: Контроллер не найден | Файл: W:\domains\ishop\vendor\ishop\core\Router.php | 
        Строка: 40 
=============
[2019-12-23 19:12:35] Текст ошибки: Контроллер не найден | Файл: W:\domains\ishop\vendor\ishop\core\Router.php | 
        Строка: 40 
=============
[2019-12-23 19:12:38] Текст ошибки: Контроллер не найден | Файл: W:\domains\ishop\vendor\ishop\core\Router.php | 
        Строка: 40 
=============
[2019-12-23 19:12:40] Текст ошибки: Контроллер не найден | Файл: W:\domains\ishop\vendor\ishop\core\Router.php | 
        Строка: 40 
=============
[2019-12-23 19:12:01] Текст ошибки: Страница не найдена | Файл: W:\domains\ishop\vendor\ishop\core\Router.php | 
        Строка: 44 
=============
[2019-12-23 19:12:01] Текст ошибки: Страница не найдена | Файл: W:\domains\ishop\vendor\ishop\core\Router.php | 
        Строка: 44 
=============
[2019-12-23 19:12:01] Текст ошибки: Страница не найдена | Файл: W:\domains\ishop\vendor\ishop\core\Router.php | 
        Строка: 44 
=============
[2019-12-23 19:12:01] Текст ошибки: Страница не найдена | Файл: W:\domains\ishop\vendor\ishop\core\Router.php | 
        Строка: 44 
=============
[2019-12-23 19:12:01] Текст ошибки: Страница не найдена | Файл: W:\domains\ishop\vendor\ishop\core\Router.php | 
        Строка: 44 
=============
[2019-12-23 19:12:01] Текст ошибки: Страница не найдена | Файл: W:\domains\ishop\vendor\ishop\core\Router.php | 
        Строка: 44 
=============
[2019-12-23 19:12:01] Текст ошибки: Страница не найдена | Файл: W:\domains\ishop\vendor\ishop\core\Router.php | 
        Строка: 44 
=============
[2019-12-23 19:12:01] Текст ошибки: Страница не найдена | Файл: W:\domains\ishop\vendor\ishop\core\Router.php | 
        Строка: 44 
=============
[2019-12-23 19:12:01] Текст ошибки: Страница не найдена | Файл: W:\domains\ishop\vendor\ishop\core\Router.php | 
        Строка: 44 
=============
[2019-12-23 19:12:01] Текст ошибки: Страница не найдена | Файл: W:\domains\ishop\vendor\ishop\core\Router.php | 
        Строка: 44 
=============
[2019-12-23 19:12:01] Текст ошибки: Страница не найдена | Файл: W:\domains\ishop\vendor\ishop\core\Router.php | 
        Строка: 44 
=============
[2019-12-23 19:12:01] Текст ошибки: Страница не найдена | Файл: W:\domains\ishop\vendor\ishop\core\Router.php | 
        Строка: 44 
=============
[2019-12-23 19:12:01] Текст ошибки: Страница не найдена | Файл: W:\domains\ishop\vendor\ishop\core\Router.php | 
        Строка: 44 
=============
[2019-12-23 19:12:01] Текст ошибки: Страница не найдена | Файл: W:\domains\ishop\vendor\ishop\core\Router.php | 
        Строка: 44 
=============
[2019-12-23 19:12:01] Текст ошибки: Страница не найдена | Файл: W:\domains\ishop\vendor\ishop\core\Router.php | 
        Строка: 44 
=============
[2019-12-23 19:12:01] Текст ошибки: Страница не найдена | Файл: W:\domains\ishop\vendor\ishop\core\Router.php | 
        Строка: 44 
=============
[2019-12-23 19:12:01] Текст ошибки: Страница не найдена | Файл: W:\domains\ishop\vendor\ishop\core\Router.php | 
        Строка: 44 
=============
[2019-12-23 19:12:01] Текст ошибки: Страница не найдена | Файл: W:\domains\ishop\vendor\ishop\core\Router.php | 
        Строка: 44 
=============
[2019-12-23 19:12:01] Текст ошибки: Страница не найдена | Файл: W:\domains\ishop\vendor\ishop\core\Router.php | 
        Строка: 44 
=============
[2019-12-23 19:12:08] Текст ошибки: Страница не найдена | Файл: W:\domains\ishop\vendor\ishop\core\Router.php | 
        Строка: 44 
=============
[2019-12-23 19:12:08] Текст ошибки: Страница не найдена | Файл: W:\domains\ishop\vendor\ishop\core\Router.php | 
        Строка: 44 
=============
[2019-12-23 19:12:08] Текст ошибки: Страница не найдена | Файл: W:\domains\ishop\vendor\ishop\core\Router.php | 
        Строка: 44 
=============
[2019-12-23 19:12:27] Текст ошибки: Страница не найдена | Файл: W:\domains\ishop\vendor\ishop\core\Router.php | 
        Строка: 44 
=============
[2019-12-23 19:12:32] Текст ошибки: Страница не найдена | Файл: W:\domains\ishop\app\controllers\ProductController.php | 
        Строка: 15 
=============
[2019-12-23 19:12:29] Текст ошибки: syntax error, unexpected '}' | Файл: W:\domains\ishop\app\controllers\ProductController.php | 
        Строка: 30 
=============
[2019-12-23 20:12:36] Текст ошибки: Страница не найдена | Файл: W:\domains\ishop\vendor\ishop\core\Router.php | 
        Строка: 44 
=============
[2019-12-25 14:12:57] Текст ошибки: Страница не найдена | Файл: W:\domains\ishop\app\controllers\ProductController.php | 
        Строка: 15 
=============
[2019-12-25 14:12:57] Текст ошибки: Страница не найдена | Файл: W:\domains\ishop\vendor\ishop\core\Router.php | 
        Строка: 44 
=============
[2019-12-25 14:12:36] Текст ошибки: Страница не найдена | Файл: W:\domains\ishop\app\controllers\ProductController.php | 
        Строка: 15 
=============
[2019-12-25 14:12:38] Текст ошибки: Страница не найдена | Файл: W:\domains\ishop\app\controllers\ProductController.php | 
        Строка: 15 
=============
[2019-12-25 14:12:46] Текст ошибки: Страница не найдена | Файл: W:\domains\ishop\app\controllers\ProductController.php | 
        Строка: 15 
=============
[2019-12-25 14:12:14] Текст ошибки: Страница не найдена | Файл: W:\domains\ishop\app\controllers\ProductController.php | 
        Строка: 15 
=============
[2019-12-25 14:12:29] Текст ошибки: Страница не найдена | Файл: W:\domains\ishop\app\controllers\ProductController.php | 
        Строка: 15 
=============
[2019-12-25 14:12:51] Текст ошибки: Страница не найдена | Файл: W:\domains\ishop\app\controllers\ProductController.php | 
        Строка: 15 
=============
[2019-12-25 14:12:52] Текст ошибки: Страница не найдена | Файл: W:\domains\ishop\app\controllers\ProductController.php | 
        Строка: 15 
=============
[2019-12-25 14:12:17] Текст ошибки: Страница не найдена | Файл: W:\domains\ishop\app\controllers\ProductController.php | 
        Строка: 15 
=============
[2019-12-25 14:12:14] Текст ошибки: Контроллер не найден | Файл: W:\domains\ishop\vendor\ishop\core\Router.php | 
        Строка: 41 
=============
[2019-12-25 14:12:59] Текст ошибки: Контроллер не найден | Файл: W:\domains\ishop\vendor\ishop\core\Router.php | 
        Строка: 41 
=============
[2019-12-25 14:12:04] Текст ошибки: Контроллер не найден | Файл: W:\domains\ishop\vendor\ishop\core\Router.php | 
        Строка: 41 
=============
[2019-12-25 14:12:09] Текст ошибки: Контроллер не найден | Файл: W:\domains\ishop\vendor\ishop\core\Router.php | 
        Строка: 41 
=============
[2019-12-25 14:12:38] Текст ошибки: Контроллер не найден | Файл: W:\domains\ishop\vendor\ishop\core\Router.php | 
        Строка: 41 
=============
[2019-12-26 09:12:01] Текст ошибки: SQLSTATE[42000]: Syntax error or access violation: 1064 You have an error in your SQL syntax; check the manual that corresponds to your MariaDB server version for the right syntax to use near 'E' at line 1 | Файл: W:\domains\ishop\vendor\gabordemooij\redbean\RedBeanPHP\Driver\RPDO.php | 
        Строка: 194 
=============
[2019-12-30 10:12:34] Текст ошибки: Страница не найдена | Файл: W:\domains\ishop\vendor\ishop\core\Router.php | 
        Строка: 42 
=============
[2019-12-30 11:12:41] Текст ошибки: Страница не найдена | Файл: W:\domains\ishop\vendor\ishop\core\Router.php | 
        Строка: 42 
=============
[2019-12-30 11:12:51] Текст ошибки: Страница не найдена | Файл: W:\domains\ishop\vendor\ishop\core\Router.php | 
        Строка: 42 
=============
[2019-12-30 11:12:22] Текст ошибки: SQLSTATE[42S02]: Base table or view not found: 1146 Table 'ishop.gallary' doesn't exist | Файл: W:\domains\ishop\vendor\gabordemooij\redbean\RedBeanPHP\Driver\RPDO.php | 
        Строка: 194 
=============
[2019-12-30 11:12:18] Текст ошибки: Страница не найдена | Файл: W:\domains\ishop\vendor\ishop\core\Router.php | 
        Строка: 42 
=============
[2019-12-30 11:12:27] Текст ошибки: Страница не найдена | Файл: W:\domains\ishop\vendor\ishop\core\Router.php | 
        Строка: 42 
=============
[2019-12-30 11:12:32] Текст ошибки: Страница не найдена | Файл: W:\domains\ishop\vendor\ishop\core\Router.php | 
        Строка: 42 
=============
[2019-12-30 11:12:08] Текст ошибки: Страница не найдена | Файл: W:\domains\ishop\vendor\ishop\core\Router.php | 
        Строка: 42 
=============
[2019-12-30 12:12:31] Текст ошибки: syntax error, unexpected '?>', expecting identifier (T_STRING) or variable (T_VARIABLE) or '{' or '$' | Файл: W:\domains\ishop\app\views\Product\view.php | 
        Строка: 25 
=============
[2019-12-30 12:12:08] Текст ошибки: Страница не найдена | Файл: W:\domains\ishop\vendor\ishop\core\Router.php | 
        Строка: 42 
=============
[2019-12-30 12:12:24] Текст ошибки: Страница не найдена | Файл: W:\domains\ishop\vendor\ishop\core\Router.php | 
        Строка: 42 
=============
[2019-12-30 12:12:00] Текст ошибки: Страница не найдена | Файл: W:\domains\ishop\vendor\ishop\core\Router.php | 
        Строка: 42 
=============
[2019-12-30 12:12:14] Текст ошибки: Страница не найдена | Файл: W:\domains\ishop\vendor\ishop\core\Router.php | 
        Строка: 42 
=============
[2019-12-30 12:12:14] Текст ошибки: Страница не найдена | Файл: W:\domains\ishop\vendor\ishop\core\Router.php | 
        Строка: 42 
=============
[2019-12-30 12:12:22] Текст ошибки: Страница не найдена | Файл: W:\domains\ishop\vendor\ishop\core\Router.php | 
        Строка: 42 
=============
[2019-12-30 13:12:03] Текст ошибки: Страница не найдена | Файл: W:\domains\ishop\vendor\ishop\core\Router.php | 
        Строка: 42 
=============
[2019-12-30 13:12:43] Текст ошибки: syntax error, unexpected '}' | Файл: W:\domains\ishop\app\models\Product.php | 
        Строка: 19 
=============
[2019-12-30 16:12:06] Текст ошибки: Страница не найдена | Файл: W:\domains\ishop\vendor\ishop\core\Router.php | 
        Строка: 42 
=============
[2020-01-03 17:01:26] Текст ошибки: syntax error, unexpected '}' | Файл: W:\domains\ishop\app\controllers\ProductController.php | 
        Строка: 34 
=============
[2020-01-03 17:01:26] Текст ошибки: Страница не найдена | Файл: W:\domains\ishop\vendor\ishop\core\Router.php | 
        Строка: 42 
=============
